2024-08-08 08:25:32,231 - INFO - Success: 200 - <!doctype html>
<html>
<head>
    <title>Example Domain</title>

    <meta charset="utf-8" />
    <m
2024-08-08 08:25:43,385 - INFO - Success: 200 - <!doctype html>
<html>
<head>
    <title>Example Domain</title>

    <meta charset="utf-8" />
    <m
2024-08-08 08:25:54,622 - INFO - Success: 200 - <!doctype html>
<html>
<head>
    <title>Example Domain</title>

    <meta charset="utf-8" />
    <m
2024-08-08 08:26:05,817 - INFO - Success: 200 - <!doctype html>
<html>
<head>
    <title>Example Domain</title>

    <meta charset="utf-8" />
    <m
2024-08-08 08:26:17,021 - INFO - Success: 200 - <!doctype html>
<html>
<head>
    <title>Example Domain</title>

    <meta charset="utf-8" />
    <m
2024-08-08 08:26:28,329 - INFO - Success: 200 - <!doctype html>
<html>
<head>
    <title>Example Domain</title>

    <meta charset="utf-8" />
    <m
2024-08-08 08:26:39,597 - INFO - Success: 200 - <!doctype html>
<html>
<head>
    <title>Example Domain</title>

    <meta charset="utf-8" />
    <m
2024-08-08 08:26:51,082 - INFO - Success: 200 - <!doctype html>
<html>
<head>
    <title>Example Domain</title>

    <meta charset="utf-8" />
    <m
2024-08-08 08:27:02,330 - INFO - Success: 200 - <!doctype html>
<html>
<head>
    <title>Example Domain</title>

    <meta charset="utf-8" />
    <m
2024-08-08 08:27:13,386 - INFO - Success: 200 - <!doctype html>
<html>
<head>
    <title>Example Domain</title>

    <meta charset="utf-8" />
    <m
2024-08-08 08:27:24,643 - INFO - Success: 200 - <!doctype html>
<html>
<head>
    <title>Example Domain</title>

    <meta charset="utf-8" />
    <m
2024-08-08 08:27:35,814 - INFO - Success: 200 - <!doctype html>
<html>
<head>
    <title>Example Domain</title>

    <meta charset="utf-8" />
    <m
2024-08-08 08:27:47,185 - INFO - Success: 200 - <!doctype html>
<html>
<head>
    <title>Example Domain</title>

    <meta charset="utf-8" />
    <m
2024-08-08 08:27:58,110 - INFO - Success: 200 - <!doctype html>
<html>
<head>
    <title>Example Domain</title>

    <meta charset="utf-8" />
    <m
2024-08-08 08:28:08,997 - INFO - Success: 200 - <!doctype html>
<html>
<head>
    <title>Example Domain</title>

    <meta charset="utf-8" />
    <m
2024-08-08 08:28:19,915 - INFO - Success: 200 - <!doctype html>
<html>
<head>
    <title>Example Domain</title>

    <meta charset="utf-8" />
    <m
2024-08-08 08:28:31,096 - INFO - Success: 200 - <!doctype html>
<html>
<head>
    <title>Example Domain</title>

    <meta charset="utf-8" />
    <m
2024-08-08 08:28:42,271 - INFO - Success: 200 - <!doctype html>
<html>
<head>
    <title>Example Domain</title>

    <meta charset="utf-8" />
    <m
2024-08-08 08:28:53,623 - INFO - Success: 200 - <!doctype html>
<html>
<head>
    <title>Example Domain</title>

    <meta charset="utf-8" />
    <m
2024-08-08 08:29:05,200 - INFO - Success: 200 - <!doctype html>
<html>
<head>
    <title>Example Domain</title>

    <meta charset="utf-8" />
    <m
2024-08-08 08:29:16,468 - INFO - Success: 200 - <!doctype html>
<html>
<head>
    <title>Example Domain</title>

    <meta charset="utf-8" />
    <m
2024-08-08 08:29:27,734 - INFO - Success: 200 - <!doctype html>
<html>
<head>
    <title>Example Domain</title>

    <meta charset="utf-8" />
    <m
2024-08-08 08:29:39,102 - INFO - Success: 200 - <!doctype html>
<html>
<head>
    <title>Example Domain</title>

    <meta charset="utf-8" />
    <m
2024-08-08 08:29:50,766 - INFO - Success: 200 - <!doctype html>
<html>
<head>
    <title>Example Domain</title>

    <meta charset="utf-8" />
    <m
2024-08-08 08:34:58,997 - INFO - Successful request to https://example.com: 200
2024-08-08 08:35:10,168 - INFO - Successful request to https://example.com: 200
2024-08-08 08:35:21,151 - INFO - Successful request to https://example.com: 200
2024-08-08 08:35:32,067 - INFO - Successful request to https://example.com: 200
2024-08-08 08:35:42,989 - INFO - Successful request to https://example.com: 200
2024-08-08 08:35:53,902 - INFO - Successful request to https://example.com: 200
2024-08-08 08:36:05,038 - INFO - Successful request to https://example.com: 200
2024-08-08 08:36:16,305 - INFO - Successful request to https://example.com: 200
2024-08-08 08:36:27,709 - INFO - Successful request to https://example.com: 200
2024-08-08 08:36:38,873 - INFO - Successful request to https://example.com: 200
2024-08-08 08:36:50,097 - INFO - Successful request to https://example.com: 200
2024-08-08 08:37:01,040 - INFO - Successful request to https://example.com: 200
2024-08-08 08:37:12,117 - INFO - Successful request to https://example.com: 200
2024-08-08 08:37:23,484 - INFO - Successful request to https://example.com: 200
2024-08-08 08:37:34,739 - INFO - Successful request to https://example.com: 200
2024-08-08 08:37:46,058 - INFO - Successful request to https://example.com: 200
2024-08-08 08:37:57,375 - INFO - Successful request to https://example.com: 200
2024-08-08 08:38:08,290 - INFO - Successful request to https://example.com: 200
2024-08-08 08:38:19,595 - INFO - Successful request to https://example.com: 200
2024-08-08 08:38:30,756 - INFO - Successful request to https://example.com: 200
2024-08-08 08:38:42,042 - INFO - Successful request to https://example.com: 200
2024-08-08 08:38:53,197 - INFO - Successful request to https://example.com: 200
2024-08-08 08:39:04,358 - INFO - Successful request to https://example.com: 200
2024-08-08 08:39:15,771 - INFO - Successful request to https://example.com: 200
2024-08-08 08:39:27,070 - INFO - Successful request to https://example.com: 200
2024-08-08 08:39:38,256 - INFO - Successful request to https://example.com: 200
2024-08-08 08:39:49,595 - INFO - Successful request to https://example.com: 200
2024-08-08 08:40:00,865 - INFO - Successful request to https://example.com: 200
2024-08-08 08:40:12,334 - INFO - Successful request to https://example.com: 200
2024-08-08 08:40:23,899 - INFO - Successful request to https://example.com: 200
2024-08-08 08:40:35,375 - INFO - Successful request to https://example.com: 200
2024-08-08 08:40:46,539 - INFO - Successful request to https://example.com: 200
2024-08-08 08:40:57,821 - INFO - Successful request to https://example.com: 200
2024-08-08 08:41:08,955 - INFO - Successful request to https://example.com: 200
2024-08-08 08:41:20,324 - INFO - Successful request to https://example.com: 200
2024-08-08 08:41:31,588 - INFO - Successful request to https://example.com: 200
2024-08-08 08:41:42,676 - INFO - Successful request to https://example.com: 200
2024-08-08 08:41:53,643 - INFO - Successful request to https://example.com: 200
2024-08-08 08:42:04,775 - INFO - Successful request to https://example.com: 200
2024-08-08 08:42:16,131 - INFO - Successful request to https://example.com: 200
2024-08-08 08:42:27,054 - INFO - Successful request to https://example.com: 200
2024-08-08 08:42:38,248 - INFO - Successful request to https://example.com: 200
2024-08-08 08:42:49,234 - INFO - Successful request to https://example.com: 200
2024-08-08 08:43:00,265 - INFO - Successful request to https://example.com: 200
2024-08-08 08:43:11,452 - INFO - Successful request to https://example.com: 200
2024-08-08 08:43:16,351 - INFO - Successful request to http://example.com: 200
2024-08-08 08:43:22,799 - INFO - Successful request to https://example.com: 200
2024-08-08 08:43:27,088 - INFO - Successful request to http://example.com: 200
2024-08-08 08:43:33,875 - INFO - Successful request to https://example.com: 200
2024-08-08 08:43:37,653 - INFO - Successful request to http://example.com: 200
2024-08-08 08:43:44,837 - INFO - Successful request to https://example.com: 200
2024-08-08 08:43:48,188 - INFO - Successful request to http://example.com: 200
2024-08-08 08:43:55,797 - INFO - Successful request to https://example.com: 200
2024-08-08 08:43:58,704 - INFO - Successful request to http://example.com: 200
2024-08-08 08:44:06,772 - INFO - Successful request to https://example.com: 200
2024-08-08 08:44:09,391 - INFO - Successful request to http://example.com: 200
2024-08-08 08:44:17,791 - INFO - Successful request to https://example.com: 200
2024-08-08 08:44:19,919 - INFO - Successful request to http://example.com: 200
2024-08-08 08:44:28,707 - INFO - Successful request to https://example.com: 200
2024-08-08 08:44:30,428 - INFO - Successful request to http://example.com: 200
2024-08-08 08:44:39,686 - INFO - Successful request to https://example.com: 200
2024-08-08 08:44:40,985 - INFO - Successful request to http://example.com: 200
2024-08-08 08:44:50,630 - INFO - Successful request to https://example.com: 200
2024-08-08 08:44:51,479 - INFO - Successful request to http://example.com: 200
2024-08-08 08:45:01,822 - INFO - Successful request to https://example.com: 200
2024-08-08 08:45:02,054 - INFO - Successful request to http://example.com: 200
2024-08-08 08:45:12,877 - INFO - Successful request to http://example.com: 200
2024-08-08 08:45:13,187 - INFO - Successful request to https://example.com: 200
2024-08-08 08:45:23,529 - INFO - Successful request to http://example.com: 200
2024-08-08 08:45:24,242 - INFO - Successful request to https://example.com: 200
2024-08-08 08:45:34,340 - INFO - Successful request to http://example.com: 200
2024-08-08 08:45:35,628 - INFO - Successful request to https://example.com: 200
2024-08-08 08:45:45,025 - INFO - Successful request to http://example.com: 200
2024-08-08 08:45:46,676 - INFO - Successful request to https://example.com: 200
2024-08-08 08:45:55,682 - INFO - Successful request to http://example.com: 200
2024-08-08 08:45:57,935 - INFO - Successful request to https://example.com: 200
2024-08-08 08:46:06,231 - INFO - Successful request to http://example.com: 200
2024-08-08 08:46:09,096 - INFO - Successful request to https://example.com: 200
2024-08-08 08:46:17,138 - INFO - Successful request to http://example.com: 200
2024-08-08 08:46:20,257 - INFO - Successful request to https://example.com: 200
2024-08-08 08:46:27,835 - INFO - Successful request to http://example.com: 200
2024-08-08 08:46:31,522 - INFO - Successful request to https://example.com: 200
2024-08-08 08:46:38,560 - INFO - Successful request to http://example.com: 200
2024-08-08 08:46:42,994 - INFO - Successful request to https://example.com: 200
2024-08-08 08:46:49,332 - INFO - Successful request to http://example.com: 200
2024-08-08 08:46:54,153 - INFO - Successful request to https://example.com: 200
2024-08-08 08:46:59,982 - INFO - Successful request to http://example.com: 200
2024-08-08 08:47:05,516 - INFO - Successful request to https://example.com: 200
2024-08-08 08:47:10,496 - INFO - Successful request to http://example.com: 200
2024-08-08 08:47:16,675 - INFO - Successful request to https://example.com: 200
2024-08-08 08:47:21,288 - INFO - Successful request to http://example.com: 200
2024-08-08 08:47:28,142 - INFO - Successful request to https://example.com: 200
2024-08-08 08:47:32,036 - INFO - Successful request to http://example.com: 200
2024-08-08 08:47:39,197 - INFO - Successful request to https://example.com: 200
2024-08-08 08:47:42,597 - INFO - Successful request to http://example.com: 200
2024-08-08 08:47:50,404 - INFO - Successful request to https://example.com: 200
2024-08-08 08:47:53,331 - INFO - Successful request to http://example.com: 200
2024-08-08 08:48:01,634 - INFO - Successful request to https://example.com: 200
2024-08-08 08:48:03,981 - INFO - Successful request to http://example.com: 200
2024-08-08 08:48:12,709 - INFO - Successful request to https://example.com: 200
2024-08-08 08:48:14,741 - INFO - Successful request to http://example.com: 200
2024-08-08 08:48:23,760 - INFO - Successful request to https://example.com: 200
2024-08-08 08:48:25,247 - INFO - Successful request to http://example.com: 200
2024-08-08 08:48:35,115 - INFO - Successful request to https://example.com: 200
2024-08-08 08:48:35,937 - INFO - Successful request to http://example.com: 200
2024-08-08 08:48:46,279 - INFO - Successful request to https://example.com: 200
2024-08-08 08:48:46,586 - INFO - Successful request to http://example.com: 200
2024-08-08 08:48:57,134 - INFO - Successful request to http://example.com: 200
2024-08-08 08:48:57,441 - INFO - Successful request to https://example.com: 200
2024-08-08 08:49:07,782 - INFO - Successful request to http://example.com: 200
2024-08-08 08:49:08,633 - INFO - Successful request to https://example.com: 200
2024-08-08 08:49:18,433 - INFO - Successful request to http://example.com: 200
2024-08-08 08:49:19,969 - INFO - Successful request to https://example.com: 200
2024-08-08 08:49:29,078 - INFO - Successful request to http://example.com: 200
2024-08-08 08:49:31,224 - INFO - Successful request to https://example.com: 200
2024-08-08 08:49:39,731 - INFO - Successful request to http://example.com: 200
2024-08-08 08:49:42,495 - INFO - Successful request to https://example.com: 200
2024-08-08 08:49:50,373 - INFO - Successful request to http://example.com: 200
2024-08-08 08:49:53,565 - INFO - Successful request to https://example.com: 200
2024-08-08 08:50:00,906 - INFO - Successful request to http://example.com: 200
2024-08-08 08:50:04,521 - INFO - Successful request to https://example.com: 200
2024-08-08 08:50:09,958 - INFO - Scheduler stopped manually.
2024-08-08 08:50:15,421 - INFO - Successful request to https://example.com: 200
2024-08-08 08:50:26,989 - INFO - Successful request to https://example.com: 200
2024-08-08 08:50:38,260 - INFO - Successful request to https://example.com: 200
2024-08-08 08:50:49,315 - INFO - Successful request to https://example.com: 200
2024-08-08 08:51:00,830 - INFO - Successful request to https://example.com: 200
2024-08-08 08:51:11,792 - INFO - Successful request to https://example.com: 200
2024-08-08 08:51:23,155 - INFO - Successful request to https://example.com: 200
2024-08-08 08:51:34,316 - INFO - Successful request to https://example.com: 200
2024-08-08 08:51:45,480 - INFO - Successful request to https://example.com: 200
2024-08-08 08:51:56,848 - INFO - Successful request to https://example.com: 200
2024-08-08 08:52:08,008 - INFO - Successful request to https://example.com: 200
2024-08-08 08:52:19,258 - INFO - Successful request to https://example.com: 200
2024-08-08 08:52:30,432 - INFO - Successful request to https://example.com: 200
2024-08-08 08:52:41,393 - INFO - Successful request to https://example.com: 200
2024-08-08 08:52:52,311 - INFO - Successful request to https://example.com: 200
2024-08-08 08:53:03,498 - INFO - Successful request to https://example.com: 200
2024-08-08 08:53:14,769 - INFO - Successful request to https://example.com: 200
2024-08-08 08:53:26,135 - INFO - Successful request to https://example.com: 200
2024-08-08 08:53:37,405 - INFO - Successful request to https://example.com: 200
2024-08-08 08:53:48,680 - INFO - Successful request to https://example.com: 200
2024-08-08 08:53:59,928 - INFO - Successful request to https://example.com: 200
2024-08-08 08:54:11,192 - INFO - Successful request to https://example.com: 200
2024-08-08 08:54:22,450 - INFO - Successful request to https://example.com: 200
2024-08-08 08:54:33,813 - INFO - Successful request to https://example.com: 200
2024-08-08 08:54:45,384 - INFO - Successful request to https://example.com: 200
2024-08-08 08:54:56,540 - INFO - Successful request to https://example.com: 200
2024-08-08 08:55:07,916 - INFO - Successful request to https://example.com: 200
2024-08-08 08:55:19,195 - INFO - Successful request to https://example.com: 200
2024-08-08 08:55:30,347 - INFO - Successful request to https://example.com: 200
2024-08-08 08:55:41,711 - INFO - Successful request to https://example.com: 200
2024-08-08 08:55:52,977 - INFO - Successful request to https://example.com: 200
2024-08-08 08:56:04,337 - INFO - Successful request to https://example.com: 200
2024-08-08 08:56:15,705 - INFO - Successful request to https://example.com: 200
2024-08-08 08:56:26,871 - INFO - Successful request to https://example.com: 200
2024-08-08 08:56:38,236 - INFO - Successful request to https://example.com: 200
2024-08-08 08:56:49,500 - INFO - Successful request to https://example.com: 200
2024-08-08 08:57:00,965 - INFO - Successful request to https://example.com: 200
2024-08-08 08:57:12,445 - INFO - Successful request to https://example.com: 200
2024-08-08 08:57:23,601 - INFO - Successful request to https://example.com: 200
2024-08-08 08:57:34,877 - INFO - Successful request to https://example.com: 200
2024-08-08 08:57:46,228 - INFO - Successful request to https://example.com: 200
2024-08-08 08:57:57,698 - INFO - Successful request to https://example.com: 200
2024-08-08 08:58:09,372 - INFO - Successful request to https://example.com: 200
2024-08-08 08:58:17,770 - INFO - Successful request to http://example.com: 200
2024-08-08 08:58:20,583 - INFO - Successful request to https://example.com: 200
2024-08-08 08:58:28,521 - INFO - Successful request to http://example.com: 200
2024-08-08 08:58:31,999 - INFO - Successful request to https://example.com: 200
2024-08-08 08:58:39,063 - INFO - Successful request to http://example.com: 200
2024-08-08 08:58:42,890 - INFO - Successful request to https://example.com: 200
2024-08-08 08:58:49,563 - INFO - Successful request to http://example.com: 200
2024-08-08 08:58:53,825 - INFO - Successful request to https://example.com: 200
2024-08-08 08:59:00,064 - INFO - Successful request to http://example.com: 200
2024-08-08 08:59:05,031 - INFO - Successful request to https://example.com: 200
2024-08-08 08:59:10,765 - INFO - Successful request to http://example.com: 200
2024-08-08 08:59:11,971 - INFO - Scheduler stopped manually.
2024-08-08 08:59:16,443 - INFO - Successful request to https://example.com: 200
2024-08-08 08:59:21,419 - INFO - Scheduler stopped manually.
2024-08-08 09:12:43,452 - INFO - Successful request to https://example.com: 200
2024-08-08 09:12:54,371 - INFO - Successful request to https://example.com: 200
2024-08-08 09:13:05,671 - INFO - Successful request to https://example.com: 200
2024-08-08 09:13:16,833 - INFO - Successful request to https://example.com: 200
2024-08-08 09:13:28,195 - INFO - Successful request to https://example.com: 200
2024-08-08 09:13:39,355 - INFO - Successful request to https://example.com: 200
2024-08-08 09:13:50,690 - INFO - Successful request to https://example.com: 200
2024-08-08 09:14:02,085 - INFO - Successful request to https://example.com: 200
2024-08-08 09:14:13,354 - INFO - Successful request to https://example.com: 200
2024-08-08 09:14:24,792 - INFO - Successful request to https://example.com: 200
2024-08-08 09:14:35,796 - INFO - Successful request to https://example.com: 200
2024-08-08 09:14:47,448 - INFO - Successful request to https://example.com: 200
2024-08-08 09:14:58,890 - INFO - Successful request to https://example.com: 200
2024-08-08 09:15:09,943 - INFO - Successful request to https://example.com: 200
2024-08-08 09:15:21,053 - INFO - Successful request to https://example.com: 200
2024-08-08 09:15:32,097 - INFO - Successful request to https://example.com: 200
2024-08-08 09:15:43,289 - INFO - Successful request to https://example.com: 200
2024-08-08 09:15:44,128 - INFO - Scheduler stopped manually.
